<?xml version="1.0" encoding="UTF-8"?>
<!-- Generated by org.testng.reporters.JUnitReportReporter -->
<testsuite hostname="SaiKiran" failures="0" tests="5" name="Pet_Store.AddPet" time="10.519" errors="0" timestamp="2025-06-06T20:12:29 IST" skipped="0">
  <testcase classname="Pet_Store.AddPet" name="addNewPet" time="4.146"/>
  <system-out/>
  <testcase classname="Pet_Store.AddPet" name="getPetDetails" time="1.621"/>
  <system-out/>
  <testcase classname="Pet_Store.AddPet" name="updatePet" time="1.588"/>
  <system-out/>
  <testcase classname="Pet_Store.AddPet" name="getPetDetailsAfterUpdate" time="1.588"/>
  <system-out/>
  <testcase classname="Pet_Store.AddPet" name="deletePet" time="1.576"/>
  <system-out/>
</testsuite> <!-- Pet_Store.AddPet -->
